# JRE version: Java(TM) SE Runtime Environment (8.0_111-b14) (build 1.8.0_111-b14)
# Java VM: Java HotSpot(TM) 64-Bit Server VM (25.111-b14 mixed mode windows-amd64 compressed oops)
Heap:
 PSYoungGen      total 24064K, used 13955K [0x00000000e5780000, 0x00000000e7200000, 0x0000000100000000)
  eden space 20992K, 51% used [0x00000000e5780000,0x00000000e6226d68,0x00000000e6c00000)
  from space 3072K, 99% used [0x00000000e6f00000,0x00000000e71fa040,0x00000000e7200000)
  to   space 3072K, 0% used [0x00000000e6c00000,0x00000000e6c00000,0x00000000e6f00000)
 ParOldGen       total 54784K, used 15972K [0x00000000b0600000, 0x00000000b3b80000, 0x00000000e5780000)
  object space 54784K, 29% used [0x00000000b0600000,0x00000000b1599058,0x00000000b3b80000)
 Metaspace       used 15485K, capacity 15786K, committed 16128K, reserved 1062912K
  class space    used 1864K, capacity 1945K, committed 2048K, reserved 1048576K
GC Heap History (10 events):
Event: 1.737 GC heap before
{Heap before GC invocations=2 (full 0):
 PSYoungGen      total 24064K, used 24042K [0x00000000e5780000, 0x00000000e7200000, 0x0000000100000000)
  eden space 20992K, 100% used [0x00000000e5780000,0x00000000e6c00000,0x00000000e6c00000)
  from space 3072K, 99% used [0x00000000e6c00000,0x00000000e6efaad8,0x00000000e6f00000)
  to   space 3072K, 0% used [0x00000000e6f00000,0x00000000e6f00000,0x00000000e7200000)
 ParOldGen       total 54784K, used 1335K [0x00000000b0600000, 0x00000000b3b80000, 0x00000000e5780000)
  object space 54784K, 2% used [0x00000000b0600000,0x00000000b074dee0,0x00000000b3b80000)
 Metaspace       used 9403K, capacity 9572K, committed 9728K, reserved 1058816K
  class space    used 1164K, capacity 1214K, committed 1280K, reserved 1048576K
Event: 1.742 GC heap after
Heap after GC invocations=2 (full 0):
 PSYoungGen      total 24064K, used 3070K [0x00000000e5780000, 0x00000000e7200000, 0x0000000100000000)
  eden space 20992K, 0% used [0x00000000e5780000,0x00000000e5780000,0x00000000e6c00000)
  from space 3072K, 99% used [0x00000000e6f00000,0x00000000e71ffaf8,0x00000000e7200000)
  to   space 3072K, 0% used [0x00000000e6c00000,0x00000000e6c00000,0x00000000e6f00000)
 ParOldGen       total 54784K, used 2495K [0x00000000b0600000, 0x00000000b3b80000, 0x00000000e5780000)
  object space 54784K, 4% used [0x00000000b0600000,0x00000000b086ffb8,0x00000000b3b80000)
 Metaspace       used 9403K, capacity 9572K, committed 9728K, reserved 1058816K
  class space    used 1164K, capacity 1214K, committed 1280K, reserved 1048576K
}
Event: 2.485 GC heap before
{Heap before GC invocations=3 (full 0):
 PSYoungGen      total 24064K, used 24062K [0x00000000e5780000, 0x00000000e7200000, 0x0000000100000000)
  eden space 20992K, 100% used [0x00000000e5780000,0x00000000e6c00000,0x00000000e6c00000)
  from space 3072K, 99% used [0x00000000e6f00000,0x00000000e71ffaf8,0x00000000e7200000)
  to   space 3072K, 0% used [0x00000000e6c00000,0x00000000e6c00000,0x00000000e6f00000)
 ParOldGen       total 54784K, used 2495K [0x00000000b0600000, 0x00000000b3b80000, 0x00000000e5780000)
  object space 54784K, 4% used [0x00000000b0600000,0x00000000b086ffb8,0x00000000b3b80000)
 Metaspace       used 12204K, capacity 12458K, committed 12672K, reserved 1060864K
  class space    used 1539K, capacity 1641K, committed 1664K, reserved 1048576K
Event: 2.493 GC heap after
Heap after GC invocations=3 (full 0):
 PSYoungGen      total 24064K, used 3048K [0x00000000e5780000, 0x00000000e7200000, 0x0000000100000000)
  eden space 20992K, 0% used [0x00000000e5780000,0x00000000e5780000,0x00000000e6c00000)
  from space 3072K, 99% used [0x00000000e6c00000,0x00000000e6efa020,0x00000000e6f00000)
  to   space 3072K, 0% used [0x00000000e6f00000,0x00000000e6f00000,0x00000000e7200000)
 ParOldGen       total 54784K, used 5506K [0x00000000b0600000, 0x00000000b3b80000, 0x00000000e5780000)
  object space 54784K, 10% used [0x00000000b0600000,0x00000000b0b60a78,0x00000000b3b80000)
 Metaspace       used 12204K, capacity 12458K, committed 12672K, reserved 1060864K
  class space    used 1539K, capacity 1641K, committed 1664K, reserved 1048576K
}
Event: 3.543 GC heap before
{Heap before GC invocations=4 (full 0):
 PSYoungGen      total 24064K, used 24040K [0x00000000e5780000, 0x00000000e7200000, 0x0000000100000000)
  eden space 20992K, 100% used [0x00000000e5780000,0x00000000e6c00000,0x00000000e6c00000)
  from space 3072K, 99% used [0x00000000e6c00000,0x00000000e6efa020,0x00000000e6f00000)
  to   space 3072K, 0% used [0x00000000e6f00000,0x00000000e6f00000,0x00000000e7200000)
 ParOldGen       total 54784K, used 5506K [0x00000000b0600000, 0x00000000b3b80000, 0x00000000e5780000)
  object space 54784K, 10% used [0x00000000b0600000,0x00000000b0b60a78,0x00000000b3b80000)
 Metaspace       used 14763K, capacity 15096K, committed 15232K, reserved 1062912K
  class space    used 1820K, capacity 1910K, committed 1920K, reserved 1048576K
Event: 3.557 GC heap after
Heap after GC invocations=4 (full 0):
 PSYoungGen      total 24064K, used 3064K [0x00000000e5780000, 0x00000000e7200000, 0x0000000100000000)
  eden space 20992K, 0% used [0x00000000e5780000,0x00000000e5780000,0x00000000e6c00000)
  from space 3072K, 99% used [0x00000000e6f00000,0x00000000e71fe010,0x00000000e7200000)
  to   space 3072K, 0% used [0x00000000e6c00000,0x00000000e6c00000,0x00000000e6f00000)
 ParOldGen       total 54784K, used 9597K [0x00000000b0600000, 0x00000000b3b80000, 0x00000000e5780000)
  object space 54784K, 17% used [0x00000000b0600000,0x00000000b0f5f500,0x00000000b3b80000)
 Metaspace       used 14763K, capacity 15096K, committed 15232K, reserved 1062912K
  class space    used 1820K, capacity 1910K, committed 1920K, reserved 1048576K
}
Event: 4.022 GC heap before
{Heap before GC invocations=5 (full 0):
 PSYoungGen      total 24064K, used 24056K [0x00000000e5780000, 0x00000000e7200000, 0x0000000100000000)
  eden space 20992K, 100% used [0x00000000e5780000,0x00000000e6c00000,0x00000000e6c00000)
  from space 3072K, 99% used [0x00000000e6f00000,0x00000000e71fe010,0x00000000e7200000)
  to   space 3072K, 0% used [0x00000000e6c00000,0x00000000e6c00000,0x00000000e6f00000)
 ParOldGen       total 54784K, used 9597K [0x00000000b0600000, 0x00000000b3b80000, 0x00000000e5780000)
  object space 54784K, 17% used [0x00000000b0600000,0x00000000b0f5f500,0x00000000b3b80000)
 Metaspace       used 14944K, capacity 15242K, committed 15488K, reserved 1062912K
  class space    used 1824K, capacity 1913K, committed 1920K, reserved 1048576K
Event: 4.037 GC heap after
Heap after GC invocations=5 (full 0):
 PSYoungGen      total 24064K, used 3048K [0x00000000e5780000, 0x00000000e7200000, 0x0000000100000000)
  eden space 20992K, 0% used [0x00000000e5780000,0x00000000e5780000,0x00000000e6c00000)
  from space 3072K, 99% used [0x00000000e6c00000,0x00000000e6efa040,0x00000000e6f00000)
  to   space 3072K, 0% used [0x00000000e6f00000,0x00000000e6f00000,0x00000000e7200000)
 ParOldGen       total 54784K, used 12681K [0x00000000b0600000, 0x00000000b3b80000, 0x00000000e5780000)
  object space 54784K, 23% used [0x00000000b0600000,0x00000000b1262510,0x00000000b3b80000)
 Metaspace       used 14944K, capacity 15242K, committed 15488K, reserved 1062912K
  class space    used 1824K, capacity 1913K, committed 1920K, reserved 1048576K
}
Event: 5.466 GC heap before
{Heap before GC invocations=6 (full 0):
 PSYoungGen      total 24064K, used 24040K [0x00000000e5780000, 0x00000000e7200000, 0x0000000100000000)
  eden space 20992K, 100% used [0x00000000e5780000,0x00000000e6c00000,0x00000000e6c00000)
  from space 3072K, 99% used [0x00000000e6c00000,0x00000000e6efa040,0x00000000e6f00000)
  to   space 3072K, 0% used [0x00000000e6f00000,0x00000000e6f00000,0x00000000e7200000)
 ParOldGen       total 54784K, used 12681K [0x00000000b0600000, 0x00000000b3b80000, 0x00000000e5780000)
  object space 54784K, 23% used [0x00000000b0600000,0x00000000b1262510,0x00000000b3b80000)
 Metaspace       used 15433K, capacity 15722K, committed 15872K, reserved 1062912K
  class space    used 1864K, capacity 1945K, committed 2048K, reserved 1048576K
Event: 5.487 GC heap after
Heap after GC invocations=6 (full 0):
 PSYoungGen      total 24064K, used 3048K [0x00000000e5780000, 0x00000000e7200000, 0x0000000100000000)
  eden space 20992K, 0% used [0x00000000e5780000,0x00000000e5780000,0x00000000e6c00000)
  from space 3072K, 99% used [0x00000000e6f00000,0x00000000e71fa040,0x00000000e7200000)
  to   space 3072K, 0% used [0x00000000e6c00000,0x00000000e6c00000,0x00000000e6f00000)
 ParOldGen       total 54784K, used 15972K [0x00000000b0600000, 0x00000000b3b80000, 0x00000000e5780000)
  object space 54784K, 29% used [0x00000000b0600000,0x00000000b1599058,0x00000000b3b80000)
 Metaspace       used 15433K, capacity 15722K, committed 15872K, reserved 1062912K
  class space    used 1864K, capacity 1945K, committed 2048K, reserved 1048576K
}

