# JRE version: Java(TM) SE Runtime Environment (8.0_111-b14) (build 1.8.0_111-b14)
# Java VM: Java HotSpot(TM) 64-Bit Server VM (25.111-b14 mixed mode windows-amd64 compressed oops)
Heap:
 PSYoungGen      total 24064K, used 24025K [0x00000000e5780000, 0x00000000e7200000, 0x0000000100000000)
  eden space 20992K, 99% used [0x00000000e5780000,0x00000000e6bfc3f8,0x00000000e6c00000)
  from space 3072K, 99% used [0x00000000e6f00000,0x00000000e71fa040,0x00000000e7200000)
  to   space 3072K, 0% used [0x00000000e6c00000,0x00000000e6c00000,0x00000000e6f00000)
 ParOldGen       total 54784K, used 9539K [0x00000000b0600000, 0x00000000b3b80000, 0x00000000e5780000)
  object space 54784K, 17% used [0x00000000b0600000,0x00000000b0f50fa8,0x00000000b3b80000)
 Metaspace       used 14940K, capacity 15242K, committed 15488K, reserved 1062912K
  class space    used 1824K, capacity 1913K, committed 1920K, reserved 1048576K
GC Heap History (8 events):
Event: 7.174 GC heap before
{Heap before GC invocations=1 (full 0):
 PSYoungGen      total 24064K, used 20992K [0x00000000e5780000, 0x00000000e7200000, 0x0000000100000000)
  eden space 20992K, 100% used [0x00000000e5780000,0x00000000e6c00000,0x00000000e6c00000)
  from space 3072K, 0% used [0x00000000e6f00000,0x00000000e6f00000,0x00000000e7200000)
  to   space 3072K, 0% used [0x00000000e6c00000,0x00000000e6c00000,0x00000000e6f00000)
 ParOldGen       total 54784K, used 0K [0x00000000b0600000, 0x00000000b3b80000, 0x00000000e5780000)
  object space 54784K, 0% used [0x00000000b0600000,0x00000000b0600000,0x00000000b3b80000)
 Metaspace       used 7896K, capacity 8088K, committed 8192K, reserved 1056768K
  class space    used 964K, capacity 1020K, committed 1024K, reserved 1048576K
Event: 7.183 GC heap after
Heap after GC invocations=1 (full 0):
 PSYoungGen      total 24064K, used 3042K [0x00000000e5780000, 0x00000000e7200000, 0x0000000100000000)
  eden space 20992K, 0% used [0x00000000e5780000,0x00000000e5780000,0x00000000e6c00000)
  from space 3072K, 99% used [0x00000000e6c00000,0x00000000e6ef8950,0x00000000e6f00000)
  to   space 3072K, 0% used [0x00000000e6f00000,0x00000000e6f00000,0x00000000e7200000)
 ParOldGen       total 54784K, used 1374K [0x00000000b0600000, 0x00000000b3b80000, 0x00000000e5780000)
  object space 54784K, 2% used [0x00000000b0600000,0x00000000b0757a90,0x00000000b3b80000)
 Metaspace       used 7896K, capacity 8088K, committed 8192K, reserved 1056768K
  class space    used 964K, capacity 1020K, committed 1024K, reserved 1048576K
}
Event: 7.951 GC heap before
{Heap before GC invocations=2 (full 0):
 PSYoungGen      total 24064K, used 24034K [0x00000000e5780000, 0x00000000e7200000, 0x0000000100000000)
  eden space 20992K, 100% used [0x00000000e5780000,0x00000000e6c00000,0x00000000e6c00000)
  from space 3072K, 99% used [0x00000000e6c00000,0x00000000e6ef8950,0x00000000e6f00000)
  to   space 3072K, 0% used [0x00000000e6f00000,0x00000000e6f00000,0x00000000e7200000)
 ParOldGen       total 54784K, used 1374K [0x00000000b0600000, 0x00000000b3b80000, 0x00000000e5780000)
  object space 54784K, 2% used [0x00000000b0600000,0x00000000b0757a90,0x00000000b3b80000)
 Metaspace       used 9419K, capacity 9636K, committed 9728K, reserved 1058816K
  class space    used 1166K, capacity 1214K, committed 1280K, reserved 1048576K
Event: 7.956 GC heap after
Heap after GC invocations=2 (full 0):
 PSYoungGen      total 24064K, used 3045K [0x00000000e5780000, 0x00000000e7200000, 0x0000000100000000)
  eden space 20992K, 0% used [0x00000000e5780000,0x00000000e5780000,0x00000000e6c00000)
  from space 3072K, 99% used [0x00000000e6f00000,0x00000000e71f9600,0x00000000e7200000)
  to   space 3072K, 0% used [0x00000000e6c00000,0x00000000e6c00000,0x00000000e6f00000)
 ParOldGen       total 54784K, used 2559K [0x00000000b0600000, 0x00000000b3b80000, 0x00000000e5780000)
  object space 54784K, 4% used [0x00000000b0600000,0x00000000b087ff00,0x00000000b3b80000)
 Metaspace       used 9419K, capacity 9636K, committed 9728K, reserved 1058816K
  class space    used 1166K, capacity 1214K, committed 1280K, reserved 1048576K
}
Event: 10.107 GC heap before
{Heap before GC invocations=3 (full 0):
 PSYoungGen      total 24064K, used 24037K [0x00000000e5780000, 0x00000000e7200000, 0x0000000100000000)
  eden space 20992K, 100% used [0x00000000e5780000,0x00000000e6c00000,0x00000000e6c00000)
  from space 3072K, 99% used [0x00000000e6f00000,0x00000000e71f9600,0x00000000e7200000)
  to   space 3072K, 0% used [0x00000000e6c00000,0x00000000e6c00000,0x00000000e6f00000)
 ParOldGen       total 54784K, used 2559K [0x00000000b0600000, 0x00000000b3b80000, 0x00000000e5780000)
  object space 54784K, 4% used [0x00000000b0600000,0x00000000b087ff00,0x00000000b3b80000)
 Metaspace       used 12208K, capacity 12458K, committed 12672K, reserved 1060864K
  class space    used 1541K, capacity 1641K, committed 1664K, reserved 1048576K
Event: 10.116 GC heap after
Heap after GC invocations=3 (full 0):
 PSYoungGen      total 24064K, used 3064K [0x00000000e5780000, 0x00000000e7200000, 0x0000000100000000)
  eden space 20992K, 0% used [0x00000000e5780000,0x00000000e5780000,0x00000000e6c00000)
  from space 3072K, 99% used [0x00000000e6c00000,0x00000000e6efe030,0x00000000e6f00000)
  to   space 3072K, 0% used [0x00000000e6f00000,0x00000000e6f00000,0x00000000e7200000)
 ParOldGen       total 54784K, used 5569K [0x00000000b0600000, 0x00000000b3b80000, 0x00000000e5780000)
  object space 54784K, 10% used [0x00000000b0600000,0x00000000b0b70520,0x00000000b3b80000)
 Metaspace       used 12208K, capacity 12458K, committed 12672K, reserved 1060864K
  class space    used 1541K, capacity 1641K, committed 1664K, reserved 1048576K
}
Event: 12.267 GC heap before
{Heap before GC invocations=4 (full 0):
 PSYoungGen      total 24064K, used 24056K [0x00000000e5780000, 0x00000000e7200000, 0x0000000100000000)
  eden space 20992K, 100% used [0x00000000e5780000,0x00000000e6c00000,0x00000000e6c00000)
  from space 3072K, 99% used [0x00000000e6c00000,0x00000000e6efe030,0x00000000e6f00000)
  to   space 3072K, 0% used [0x00000000e6f00000,0x00000000e6f00000,0x00000000e7200000)
 ParOldGen       total 54784K, used 5569K [0x00000000b0600000, 0x00000000b3b80000, 0x00000000e5780000)
  object space 54784K, 10% used [0x00000000b0600000,0x00000000b0b70520,0x00000000b3b80000)
 Metaspace       used 14756K, capacity 15096K, committed 15232K, reserved 1062912K
  class space    used 1820K, capacity 1910K, committed 1920K, reserved 1048576K
Event: 12.292 GC heap after
Heap after GC invocations=4 (full 0):
 PSYoungGen      total 24064K, used 3048K [0x00000000e5780000, 0x00000000e7200000, 0x0000000100000000)
  eden space 20992K, 0% used [0x00000000e5780000,0x00000000e5780000,0x00000000e6c00000)
  from space 3072K, 99% used [0x00000000e6f00000,0x00000000e71fa040,0x00000000e7200000)
  to   space 3072K, 0% used [0x00000000e6c00000,0x00000000e6c00000,0x00000000e6f00000)
 ParOldGen       total 54784K, used 9539K [0x00000000b0600000, 0x00000000b3b80000, 0x00000000e5780000)
  object space 54784K, 17% used [0x00000000b0600000,0x00000000b0f50fa8,0x00000000b3b80000)
 Metaspace       used 14756K, capacity 15096K, committed 15232K, reserved 1062912K
  class space    used 1820K, capacity 1910K, committed 1920K, reserved 1048576K
}

